The system is: Linux - 3.10.10-1-ARCH - x86_64
Compiling the C compiler identification source file "CMakeCCompilerId.c" succeeded.
Compiler: /usr/bin/cc 
Build flags: 
Id flags: 

The output was:
0


Compilation of the C compiler identification source "CMakeCCompilerId.c" produced "a.out"

The C compiler identification is GNU, found in "/home/dan/Dev/KDE/kpart-ktp-text-ui/part/build/CMakeFiles/2.8.11.2/CompilerIdC/a.out"

Compiling the CXX compiler identification source file "CMakeCXXCompilerId.cpp" succeeded.
Compiler: /usr/bin/c++ 
Build flags: 
Id flags: 

The output was:
0


Compilation of the CXX compiler identification source "CMakeCXXCompilerId.cpp" produced "a.out"

The CXX compiler identification is GNU, found in "/home/dan/Dev/KDE/kpart-ktp-text-ui/part/build/CMakeFiles/2.8.11.2/CompilerIdCXX/a.out"

Determining if the C compiler works passed with the following output:
Change Dir: /home/dan/Dev/KDE/kpart-ktp-text-ui/part/build/CMakeFiles/CMakeTmp

Run Build Command:/usr/bin/make "cmTryCompileExec472999072/fast"
/usr/bin/make -f CMakeFiles/cmTryCompileExec472999072.dir/build.make CMakeFiles/cmTryCompileExec472999072.dir/build
make[1]: Entering directory `/home/dan/Dev/KDE/kpart-ktp-text-ui/part/build/CMakeFiles/CMakeTmp'
/usr/bin/cmake -E cmake_progress_report /home/dan/Dev/KDE/kpart-ktp-text-ui/part/build/CMakeFiles/CMakeTmp/CMakeFiles 1
Building C object CMakeFiles/cmTryCompileExec472999072.dir/testCCompiler.c.o
/usr/bin/cc    -o CMakeFiles/cmTryCompileExec472999072.dir/testCCompiler.c.o   -c /home/dan/Dev/KDE/kpart-ktp-text-ui/part/build/CMakeFiles/CMakeTmp/testCCompiler.c
Linking C executable cmTryCompileExec472999072
/usr/bin/cmake -E cmake_link_script CMakeFiles/cmTryCompileExec472999072.dir/link.txt --verbose=1
/usr/bin/cc         CMakeFiles/cmTryCompileExec472999072.dir/testCCompiler.c.o  -o cmTryCompileExec472999072 -rdynamic 
make[1]: Leaving directory `/home/dan/Dev/KDE/kpart-ktp-text-ui/part/build/CMakeFiles/CMakeTmp'


Detecting C compiler ABI info compiled with the following output:
Change Dir: /home/dan/Dev/KDE/kpart-ktp-text-ui/part/build/CMakeFiles/CMakeTmp

Run Build Command:/usr/bin/make "cmTryCompileExec2309161657/fast"
/usr/bin/make -f CMakeFiles/cmTryCompileExec2309161657.dir/build.make CMakeFiles/cmTryCompileExec2309161657.dir/build
make[1]: Entering directory `/home/dan/Dev/KDE/kpart-ktp-text-ui/part/build/CMakeFiles/CMakeTmp'
/usr/bin/cmake -E cmake_progress_report /home/dan/Dev/KDE/kpart-ktp-text-ui/part/build/CMakeFiles/CMakeTmp/CMakeFiles 1
Building C object CMakeFiles/cmTryCompileExec2309161657.dir/CMakeCCompilerABI.c.o
/usr/bin/cc    -o CMakeFiles/cmTryCompileExec2309161657.dir/CMakeCCompilerABI.c.o   -c /usr/share/cmake-2.8/Modules/CMakeCCompilerABI.c
Linking C executable cmTryCompileExec2309161657
/usr/bin/cmake -E cmake_link_script CMakeFiles/cmTryCompileExec2309161657.dir/link.txt --verbose=1
/usr/bin/cc       -v CMakeFiles/cmTryCompileExec2309161657.dir/CMakeCCompilerABI.c.o  -o cmTryCompileExec2309161657 -rdynamic  
Using built-in specs.
COLLECT_GCC=/usr/bin/cc
COLLECT_LTO_WRAPPER=/usr/lib/gcc/x86_64-unknown-linux-gnu/4.8.1/lto-wrapper
Target: x86_64-unknown-linux-gnu
Configured with: /build/gcc-multilib/src/gcc-4.8-20130725/configure --prefix=/usr --libdir=/usr/lib --libexecdir=/usr/lib --mandir=/usr/share/man --infodir=/usr/share/info --with-bugurl=https://bugs.archlinux.org/ --enable-languages=c,c++,ada,fortran,go,lto,objc,obj-c++ --enable-shared --enable-threads=posix --with-system-zlib --enable-__cxa_atexit --disable-libunwind-exceptions --enable-clocale=gnu --disable-libstdcxx-pch --enable-gnu-unique-object --enable-linker-build-id --enable-cloog-backend=isl --disable-cloog-version-check --enable-lto --enable-gold --enable-ld=default --enable-plugin --with-plugin-ld=ld.gold --with-linker-hash-style=gnu --disable-install-libiberty --enable-multilib --disable-libssp --disable-werror --enable-checking=release
Thread model: posix
gcc version 4.8.1 20130725 (prerelease) (GCC) 
COMPILER_PATH=/usr/lib/gcc/x86_64-unknown-linux-gnu/4.8.1/:/usr/lib/gcc/x86_64-unknown-linux-gnu/4.8.1/:/usr/lib/gcc/x86_64-unknown-linux-gnu/:/usr/lib/gcc/x86_64-unknown-linux-gnu/4.8.1/:/usr/lib/gcc/x86_64-unknown-linux-gnu/
LIBRARY_PATH=/usr/lib/gcc/x86_64-unknown-linux-gnu/4.8.1/:/usr/lib/gcc/x86_64-unknown-linux-gnu/4.8.1/../../../../lib/:/lib/../lib/:/usr/lib/../lib/:/usr/lib/gcc/x86_64-unknown-linux-gnu/4.8.1/../../../:/lib/:/usr/lib/
COLLECT_GCC_OPTIONS='-v' '-o' 'cmTryCompileExec2309161657' '-rdynamic' '-mtune=generic' '-march=x86-64'
 /usr/lib/gcc/x86_64-unknown-linux-gnu/4.8.1/collect2 --build-id --eh-frame-hdr --hash-style=gnu -m elf_x86_64 -export-dynamic -dynamic-linker /lib64/ld-linux-x86-64.so.2 -o cmTryCompileExec2309161657 /usr/lib/gcc/x86_64-unknown-linux-gnu/4.8.1/../../../../lib/crt1.o /usr/lib/gcc/x86_64-unknown-linux-gnu/4.8.1/../../../../lib/crti.o /usr/lib/gcc/x86_64-unknown-linux-gnu/4.8.1/crtbegin.o -L/usr/lib/gcc/x86_64-unknown-linux-gnu/4.8.1 -L/usr/lib/gcc/x86_64-unknown-linux-gnu/4.8.1/../../../../lib -L/lib/../lib -L/usr/lib/../lib -L/usr/lib/gcc/x86_64-unknown-linux-gnu/4.8.1/../../.. CMakeFiles/cmTryCompileExec2309161657.dir/CMakeCCompilerABI.c.o -lgcc --as-needed -lgcc_s --no-as-needed -lc -lgcc --as-needed -lgcc_s --no-as-needed /usr/lib/gcc/x86_64-unknown-linux-gnu/4.8.1/crtend.o /usr/lib/gcc/x86_64-unknown-linux-gnu/4.8.1/../../../../lib/crtn.o
make[1]: Leaving directory `/home/dan/Dev/KDE/kpart-ktp-text-ui/part/build/CMakeFiles/CMakeTmp'


Parsed C implicit link information from above output:
  link line regex: [^( *|.*[/\])(ld|ld|collect2)[^/\]*( |$)]
  ignore line: [Change Dir: /home/dan/Dev/KDE/kpart-ktp-text-ui/part/build/CMakeFiles/CMakeTmp]
  ignore line: []
  ignore line: [Run Build Command:/usr/bin/make "cmTryCompileExec2309161657/fast"]
  ignore line: [/usr/bin/make -f CMakeFiles/cmTryCompileExec2309161657.dir/build.make CMakeFiles/cmTryCompileExec2309161657.dir/build]
  ignore line: [make[1]: Entering directory `/home/dan/Dev/KDE/kpart-ktp-text-ui/part/build/CMakeFiles/CMakeTmp']
  ignore line: [/usr/bin/cmake -E cmake_progress_report /home/dan/Dev/KDE/kpart-ktp-text-ui/part/build/CMakeFiles/CMakeTmp/CMakeFiles 1]
  ignore line: [Building C object CMakeFiles/cmTryCompileExec2309161657.dir/CMakeCCompilerABI.c.o]
  ignore line: [/usr/bin/cc    -o CMakeFiles/cmTryCompileExec2309161657.dir/CMakeCCompilerABI.c.o   -c /usr/share/cmake-2.8/Modules/CMakeCCompilerABI.c]
  ignore line: [Linking C executable cmTryCompileExec2309161657]
  ignore line: [/usr/bin/cmake -E cmake_link_script CMakeFiles/cmTryCompileExec2309161657.dir/link.txt --verbose=1]
  ignore line: [/usr/bin/cc       -v CMakeFiles/cmTryCompileExec2309161657.dir/CMakeCCompilerABI.c.o  -o cmTryCompileExec2309161657 -rdynamic  ]
  ignore line: [Using built-in specs.]
  ignore line: [COLLECT_GCC=/usr/bin/cc]
  ignore line: [COLLECT_LTO_WRAPPER=/usr/lib/gcc/x86_64-unknown-linux-gnu/4.8.1/lto-wrapper]
  ignore line: [Target: x86_64-unknown-linux-gnu]
  ignore line: [Configured with: /build/gcc-multilib/src/gcc-4.8-20130725/configure --prefix=/usr --libdir=/usr/lib --libexecdir=/usr/lib --mandir=/usr/share/man --infodir=/usr/share/info --with-bugurl=https://bugs.archlinux.org/ --enable-languages=c,c++,ada,fortran,go,lto,objc,obj-c++ --enable-shared --enable-threads=posix --with-system-zlib --enable-__cxa_atexit --disable-libunwind-exceptions --enable-clocale=gnu --disable-libstdcxx-pch --enable-gnu-unique-object --enable-linker-build-id --enable-cloog-backend=isl --disable-cloog-version-check --enable-lto --enable-gold --enable-ld=default --enable-plugin --with-plugin-ld=ld.gold --with-linker-hash-style=gnu --disable-install-libiberty --enable-multilib --disable-libssp --disable-werror --enable-checking=release]
  ignore line: [Thread model: posix]
  ignore line: [gcc version 4.8.1 20130725 (prerelease) (GCC) ]
  ignore line: [COMPILER_PATH=/usr/lib/gcc/x86_64-unknown-linux-gnu/4.8.1/:/usr/lib/gcc/x86_64-unknown-linux-gnu/4.8.1/:/usr/lib/gcc/x86_64-unknown-linux-gnu/:/usr/lib/gcc/x86_64-unknown-linux-gnu/4.8.1/:/usr/lib/gcc/x86_64-unknown-linux-gnu/]
  ignore line: [LIBRARY_PATH=/usr/lib/gcc/x86_64-unknown-linux-gnu/4.8.1/:/usr/lib/gcc/x86_64-unknown-linux-gnu/4.8.1/../../../../lib/:/lib/../lib/:/usr/lib/../lib/:/usr/lib/gcc/x86_64-unknown-linux-gnu/4.8.1/../../../:/lib/:/usr/lib/]
  ignore line: [COLLECT_GCC_OPTIONS='-v' '-o' 'cmTryCompileExec2309161657' '-rdynamic' '-mtune=generic' '-march=x86-64']
  link line: [ /usr/lib/gcc/x86_64-unknown-linux-gnu/4.8.1/collect2 --build-id --eh-frame-hdr --hash-style=gnu -m elf_x86_64 -export-dynamic -dynamic-linker /lib64/ld-linux-x86-64.so.2 -o cmTryCompileExec2309161657 /usr/lib/gcc/x86_64-unknown-linux-gnu/4.8.1/../../../../lib/crt1.o /usr/lib/gcc/x86_64-unknown-linux-gnu/4.8.1/../../../../lib/crti.o /usr/lib/gcc/x86_64-unknown-linux-gnu/4.8.1/crtbegin.o -L/usr/lib/gcc/x86_64-unknown-linux-gnu/4.8.1 -L/usr/lib/gcc/x86_64-unknown-linux-gnu/4.8.1/../../../../lib -L/lib/../lib -L/usr/lib/../lib -L/usr/lib/gcc/x86_64-unknown-linux-gnu/4.8.1/../../.. CMakeFiles/cmTryCompileExec2309161657.dir/CMakeCCompilerABI.c.o -lgcc --as-needed -lgcc_s --no-as-needed -lc -lgcc --as-needed -lgcc_s --no-as-needed /usr/lib/gcc/x86_64-unknown-linux-gnu/4.8.1/crtend.o /usr/lib/gcc/x86_64-unknown-linux-gnu/4.8.1/../../../../lib/crtn.o]
    arg [/usr/lib/gcc/x86_64-unknown-linux-gnu/4.8.1/collect2] ==> ignore
    arg [--build-id] ==> ignore
    arg [--eh-frame-hdr] ==> ignore
    arg [--hash-style=gnu] ==> ignore
    arg [-m] ==> ignore
    arg [elf_x86_64] ==> ignore
    arg [-export-dynamic] ==> ignore
    arg [-dynamic-linker] ==> ignore
    arg [/lib64/ld-linux-x86-64.so.2] ==> ignore
    arg [-o] ==> ignore
    arg [cmTryCompileExec2309161657] ==> ignore
    arg [/usr/lib/gcc/x86_64-unknown-linux-gnu/4.8.1/../../../../lib/crt1.o] ==> ignore
    arg [/usr/lib/gcc/x86_64-unknown-linux-gnu/4.8.1/../../../../lib/crti.o] ==> ignore
    arg [/usr/lib/gcc/x86_64-unknown-linux-gnu/4.8.1/crtbegin.o] ==> ignore
    arg [-L/usr/lib/gcc/x86_64-unknown-linux-gnu/4.8.1] ==> dir [/usr/lib/gcc/x86_64-unknown-linux-gnu/4.8.1]
    arg [-L/usr/lib/gcc/x86_64-unknown-linux-gnu/4.8.1/../../../../lib] ==> dir [/usr/lib/gcc/x86_64-unknown-linux-gnu/4.8.1/../../../../lib]
    arg [-L/lib/../lib] ==> dir [/lib/../lib]
    arg [-L/usr/lib/../lib] ==> dir [/usr/lib/../lib]
    arg [-L/usr/lib/gcc/x86_64-unknown-linux-gnu/4.8.1/../../..] ==> dir [/usr/lib/gcc/x86_64-unknown-linux-gnu/4.8.1/../../..]
    arg [CMakeFiles/cmTryCompileExec2309161657.dir/CMakeCCompilerABI.c.o] ==> ignore
    arg [-lgcc] ==> lib [gcc]
    arg [--as-needed] ==> ignore
    arg [-lgcc_s] ==> lib [gcc_s]
    arg [--no-as-needed] ==> ignore
    arg [-lc] ==> lib [c]
    arg [-lgcc] ==> lib [gcc]
    arg [--as-needed] ==> ignore
    arg [-lgcc_s] ==> lib [gcc_s]
    arg [--no-as-needed] ==> ignore
    arg [/usr/lib/gcc/x86_64-unknown-linux-gnu/4.8.1/crtend.o] ==> ignore
    arg [/usr/lib/gcc/x86_64-unknown-linux-gnu/4.8.1/../../../../lib/crtn.o] ==> ignore
  remove lib [gcc]
  remove lib [gcc_s]
  remove lib [gcc]
  remove lib [gcc_s]
  collapse library dir [/usr/lib/gcc/x86_64-unknown-linux-gnu/4.8.1] ==> [/usr/lib/gcc/x86_64-unknown-linux-gnu/4.8.1]
  collapse library dir [/usr/lib/gcc/x86_64-unknown-linux-gnu/4.8.1/../../../../lib] ==> [/usr/lib]
  collapse library dir [/lib/../lib] ==> [/lib]
  collapse library dir [/usr/lib/../lib] ==> [/usr/lib]
  collapse library dir [/usr/lib/gcc/x86_64-unknown-linux-gnu/4.8.1/../../..] ==> [/usr/lib]
  implicit libs: [c]
  implicit dirs: [/usr/lib/gcc/x86_64-unknown-linux-gnu/4.8.1;/usr/lib;/lib]
  implicit fwks: []


Determining if the CXX compiler works passed with the following output:
Change Dir: /home/dan/Dev/KDE/kpart-ktp-text-ui/part/build/CMakeFiles/CMakeTmp

Run Build Command:/usr/bin/make "cmTryCompileExec3071893979/fast"
/usr/bin/make -f CMakeFiles/cmTryCompileExec3071893979.dir/build.make CMakeFiles/cmTryCompileExec3071893979.dir/build
make[1]: Entering directory `/home/dan/Dev/KDE/kpart-ktp-text-ui/part/build/CMakeFiles/CMakeTmp'
/usr/bin/cmake -E cmake_progress_report /home/dan/Dev/KDE/kpart-ktp-text-ui/part/build/CMakeFiles/CMakeTmp/CMakeFiles 1
Building CXX object CMakeFiles/cmTryCompileExec3071893979.dir/testCXXCompiler.cxx.o
/usr/bin/c++     -o CMakeFiles/cmTryCompileExec3071893979.dir/testCXXCompiler.cxx.o -c /home/dan/Dev/KDE/kpart-ktp-text-ui/part/build/CMakeFiles/CMakeTmp/testCXXCompiler.cxx
Linking CXX executable cmTryCompileExec3071893979
/usr/bin/cmake -E cmake_link_script CMakeFiles/cmTryCompileExec3071893979.dir/link.txt --verbose=1
/usr/bin/c++          CMakeFiles/cmTryCompileExec3071893979.dir/testCXXCompiler.cxx.o  -o cmTryCompileExec3071893979 -rdynamic 
make[1]: Leaving directory `/home/dan/Dev/KDE/kpart-ktp-text-ui/part/build/CMakeFiles/CMakeTmp'


Detecting CXX compiler ABI info compiled with the following output:
Change Dir: /home/dan/Dev/KDE/kpart-ktp-text-ui/part/build/CMakeFiles/CMakeTmp

Run Build Command:/usr/bin/make "cmTryCompileExec1907978932/fast"
/usr/bin/make -f CMakeFiles/cmTryCompileExec1907978932.dir/build.make CMakeFiles/cmTryCompileExec1907978932.dir/build
make[1]: Entering directory `/home/dan/Dev/KDE/kpart-ktp-text-ui/part/build/CMakeFiles/CMakeTmp'
/usr/bin/cmake -E cmake_progress_report /home/dan/Dev/KDE/kpart-ktp-text-ui/part/build/CMakeFiles/CMakeTmp/CMakeFiles 1
Building CXX object CMakeFiles/cmTryCompileExec1907978932.dir/CMakeCXXCompilerABI.cpp.o
/usr/bin/c++     -o CMakeFiles/cmTryCompileExec1907978932.dir/CMakeCXXCompilerABI.cpp.o -c /usr/share/cmake-2.8/Modules/CMakeCXXCompilerABI.cpp
Linking CXX executable cmTryCompileExec1907978932
/usr/bin/cmake -E cmake_link_script CMakeFiles/cmTryCompileExec1907978932.dir/link.txt --verbose=1
/usr/bin/c++        -v CMakeFiles/cmTryCompileExec1907978932.dir/CMakeCXXCompilerABI.cpp.o  -o cmTryCompileExec1907978932 -rdynamic  
Using built-in specs.
COLLECT_GCC=/usr/bin/c++
COLLECT_LTO_WRAPPER=/usr/lib/gcc/x86_64-unknown-linux-gnu/4.8.1/lto-wrapper
Target: x86_64-unknown-linux-gnu
Configured with: /build/gcc-multilib/src/gcc-4.8-20130725/configure --prefix=/usr --libdir=/usr/lib --libexecdir=/usr/lib --mandir=/usr/share/man --infodir=/usr/share/info --with-bugurl=https://bugs.archlinux.org/ --enable-languages=c,c++,ada,fortran,go,lto,objc,obj-c++ --enable-shared --enable-threads=posix --with-system-zlib --enable-__cxa_atexit --disable-libunwind-exceptions --enable-clocale=gnu --disable-libstdcxx-pch --enable-gnu-unique-object --enable-linker-build-id --enable-cloog-backend=isl --disable-cloog-version-check --enable-lto --enable-gold --enable-ld=default --enable-plugin --with-plugin-ld=ld.gold --with-linker-hash-style=gnu --disable-install-libiberty --enable-multilib --disable-libssp --disable-werror --enable-checking=release
Thread model: posix
gcc version 4.8.1 20130725 (prerelease) (GCC) 
COMPILER_PATH=/usr/lib/gcc/x86_64-unknown-linux-gnu/4.8.1/:/usr/lib/gcc/x86_64-unknown-linux-gnu/4.8.1/:/usr/lib/gcc/x86_64-unknown-linux-gnu/:/usr/lib/gcc/x86_64-unknown-linux-gnu/4.8.1/:/usr/lib/gcc/x86_64-unknown-linux-gnu/
LIBRARY_PATH=/usr/lib/gcc/x86_64-unknown-linux-gnu/4.8.1/:/usr/lib/gcc/x86_64-unknown-linux-gnu/4.8.1/../../../../lib/:/lib/../lib/:/usr/lib/../lib/:/usr/lib/gcc/x86_64-unknown-linux-gnu/4.8.1/../../../:/lib/:/usr/lib/
COLLECT_GCC_OPTIONS='-v' '-o' 'cmTryCompileExec1907978932' '-rdynamic' '-shared-libgcc' '-mtune=generic' '-march=x86-64'
 /usr/lib/gcc/x86_64-unknown-linux-gnu/4.8.1/collect2 --build-id --eh-frame-hdr --hash-style=gnu -m elf_x86_64 -export-dynamic -dynamic-linker /lib64/ld-linux-x86-64.so.2 -o cmTryCompileExec1907978932 /usr/lib/gcc/x86_64-unknown-linux-gnu/4.8.1/../../../../lib/crt1.o /usr/lib/gcc/x86_64-unknown-linux-gnu/4.8.1/../../../../lib/crti.o /usr/lib/gcc/x86_64-unknown-linux-gnu/4.8.1/crtbegin.o -L/usr/lib/gcc/x86_64-unknown-linux-gnu/4.8.1 -L/usr/lib/gcc/x86_64-unknown-linux-gnu/4.8.1/../../../../lib -L/lib/../lib -L/usr/lib/../lib -L/usr/lib/gcc/x86_64-unknown-linux-gnu/4.8.1/../../.. CMakeFiles/cmTryCompileExec1907978932.dir/CMakeCXXCompilerABI.cpp.o -lstdc++ -lm -lgcc_s -lgcc -lc -lgcc_s -lgcc /usr/lib/gcc/x86_64-unknown-linux-gnu/4.8.1/crtend.o /usr/lib/gcc/x86_64-unknown-linux-gnu/4.8.1/../../../../lib/crtn.o
make[1]: Leaving directory `/home/dan/Dev/KDE/kpart-ktp-text-ui/part/build/CMakeFiles/CMakeTmp'


Parsed CXX implicit link information from above output:
  link line regex: [^( *|.*[/\])(ld|ld|collect2)[^/\]*( |$)]
  ignore line: [Change Dir: /home/dan/Dev/KDE/kpart-ktp-text-ui/part/build/CMakeFiles/CMakeTmp]
  ignore line: []
  ignore line: [Run Build Command:/usr/bin/make "cmTryCompileExec1907978932/fast"]
  ignore line: [/usr/bin/make -f CMakeFiles/cmTryCompileExec1907978932.dir/build.make CMakeFiles/cmTryCompileExec1907978932.dir/build]
  ignore line: [make[1]: Entering directory `/home/dan/Dev/KDE/kpart-ktp-text-ui/part/build/CMakeFiles/CMakeTmp']
  ignore line: [/usr/bin/cmake -E cmake_progress_report /home/dan/Dev/KDE/kpart-ktp-text-ui/part/build/CMakeFiles/CMakeTmp/CMakeFiles 1]
  ignore line: [Building CXX object CMakeFiles/cmTryCompileExec1907978932.dir/CMakeCXXCompilerABI.cpp.o]
  ignore line: [/usr/bin/c++     -o CMakeFiles/cmTryCompileExec1907978932.dir/CMakeCXXCompilerABI.cpp.o -c /usr/share/cmake-2.8/Modules/CMakeCXXCompilerABI.cpp]
  ignore line: [Linking CXX executable cmTryCompileExec1907978932]
  ignore line: [/usr/bin/cmake -E cmake_link_script CMakeFiles/cmTryCompileExec1907978932.dir/link.txt --verbose=1]
  ignore line: [/usr/bin/c++        -v CMakeFiles/cmTryCompileExec1907978932.dir/CMakeCXXCompilerABI.cpp.o  -o cmTryCompileExec1907978932 -rdynamic  ]
  ignore line: [Using built-in specs.]
  ignore line: [COLLECT_GCC=/usr/bin/c++]
  ignore line: [COLLECT_LTO_WRAPPER=/usr/lib/gcc/x86_64-unknown-linux-gnu/4.8.1/lto-wrapper]
  ignore line: [Target: x86_64-unknown-linux-gnu]
  ignore line: [Configured with: /build/gcc-multilib/src/gcc-4.8-20130725/configure --prefix=/usr --libdir=/usr/lib --libexecdir=/usr/lib --mandir=/usr/share/man --infodir=/usr/share/info --with-bugurl=https://bugs.archlinux.org/ --enable-languages=c,c++,ada,fortran,go,lto,objc,obj-c++ --enable-shared --enable-threads=posix --with-system-zlib --enable-__cxa_atexit --disable-libunwind-exceptions --enable-clocale=gnu --disable-libstdcxx-pch --enable-gnu-unique-object --enable-linker-build-id --enable-cloog-backend=isl --disable-cloog-version-check --enable-lto --enable-gold --enable-ld=default --enable-plugin --with-plugin-ld=ld.gold --with-linker-hash-style=gnu --disable-install-libiberty --enable-multilib --disable-libssp --disable-werror --enable-checking=release]
  ignore line: [Thread model: posix]
  ignore line: [gcc version 4.8.1 20130725 (prerelease) (GCC) ]
  ignore line: [COMPILER_PATH=/usr/lib/gcc/x86_64-unknown-linux-gnu/4.8.1/:/usr/lib/gcc/x86_64-unknown-linux-gnu/4.8.1/:/usr/lib/gcc/x86_64-unknown-linux-gnu/:/usr/lib/gcc/x86_64-unknown-linux-gnu/4.8.1/:/usr/lib/gcc/x86_64-unknown-linux-gnu/]
  ignore line: [LIBRARY_PATH=/usr/lib/gcc/x86_64-unknown-linux-gnu/4.8.1/:/usr/lib/gcc/x86_64-unknown-linux-gnu/4.8.1/../../../../lib/:/lib/../lib/:/usr/lib/../lib/:/usr/lib/gcc/x86_64-unknown-linux-gnu/4.8.1/../../../:/lib/:/usr/lib/]
  ignore line: [COLLECT_GCC_OPTIONS='-v' '-o' 'cmTryCompileExec1907978932' '-rdynamic' '-shared-libgcc' '-mtune=generic' '-march=x86-64']
  link line: [ /usr/lib/gcc/x86_64-unknown-linux-gnu/4.8.1/collect2 --build-id --eh-frame-hdr --hash-style=gnu -m elf_x86_64 -export-dynamic -dynamic-linker /lib64/ld-linux-x86-64.so.2 -o cmTryCompileExec1907978932 /usr/lib/gcc/x86_64-unknown-linux-gnu/4.8.1/../../../../lib/crt1.o /usr/lib/gcc/x86_64-unknown-linux-gnu/4.8.1/../../../../lib/crti.o /usr/lib/gcc/x86_64-unknown-linux-gnu/4.8.1/crtbegin.o -L/usr/lib/gcc/x86_64-unknown-linux-gnu/4.8.1 -L/usr/lib/gcc/x86_64-unknown-linux-gnu/4.8.1/../../../../lib -L/lib/../lib -L/usr/lib/../lib -L/usr/lib/gcc/x86_64-unknown-linux-gnu/4.8.1/../../.. CMakeFiles/cmTryCompileExec1907978932.dir/CMakeCXXCompilerABI.cpp.o -lstdc++ -lm -lgcc_s -lgcc -lc -lgcc_s -lgcc /usr/lib/gcc/x86_64-unknown-linux-gnu/4.8.1/crtend.o /usr/lib/gcc/x86_64-unknown-linux-gnu/4.8.1/../../../../lib/crtn.o]
    arg [/usr/lib/gcc/x86_64-unknown-linux-gnu/4.8.1/collect2] ==> ignore
    arg [--build-id] ==> ignore
    arg [--eh-frame-hdr] ==> ignore
    arg [--hash-style=gnu] ==> ignore
    arg [-m] ==> ignore
    arg [elf_x86_64] ==> ignore
    arg [-export-dynamic] ==> ignore
    arg [-dynamic-linker] ==> ignore
    arg [/lib64/ld-linux-x86-64.so.2] ==> ignore
    arg [-o] ==> ignore
    arg [cmTryCompileExec1907978932] ==> ignore
    arg [/usr/lib/gcc/x86_64-unknown-linux-gnu/4.8.1/../../../../lib/crt1.o] ==> ignore
    arg [/usr/lib/gcc/x86_64-unknown-linux-gnu/4.8.1/../../../../lib/crti.o] ==> ignore
    arg [/usr/lib/gcc/x86_64-unknown-linux-gnu/4.8.1/crtbegin.o] ==> ignore
    arg [-L/usr/lib/gcc/x86_64-unknown-linux-gnu/4.8.1] ==> dir [/usr/lib/gcc/x86_64-unknown-linux-gnu/4.8.1]
    arg [-L/usr/lib/gcc/x86_64-unknown-linux-gnu/4.8.1/../../../../lib] ==> dir [/usr/lib/gcc/x86_64-unknown-linux-gnu/4.8.1/../../../../lib]
    arg [-L/lib/../lib] ==> dir [/lib/../lib]
    arg [-L/usr/lib/../lib] ==> dir [/usr/lib/../lib]
    arg [-L/usr/lib/gcc/x86_64-unknown-linux-gnu/4.8.1/../../..] ==> dir [/usr/lib/gcc/x86_64-unknown-linux-gnu/4.8.1/../../..]
    arg [CMakeFiles/cmTryCompileExec1907978932.dir/CMakeCXXCompilerABI.cpp.o] ==> ignore
    arg [-lstdc++] ==> lib [stdc++]
    arg [-lm] ==> lib [m]
    arg [-lgcc_s] ==> lib [gcc_s]
    arg [-lgcc] ==> lib [gcc]
    arg [-lc] ==> lib [c]
    arg [-lgcc_s] ==> lib [gcc_s]
    arg [-lgcc] ==> lib [gcc]
    arg [/usr/lib/gcc/x86_64-unknown-linux-gnu/4.8.1/crtend.o] ==> ignore
    arg [/usr/lib/gcc/x86_64-unknown-linux-gnu/4.8.1/../../../../lib/crtn.o] ==> ignore
  remove lib [gcc_s]
  remove lib [gcc]
  remove lib [gcc_s]
  remove lib [gcc]
  collapse library dir [/usr/lib/gcc/x86_64-unknown-linux-gnu/4.8.1] ==> [/usr/lib/gcc/x86_64-unknown-linux-gnu/4.8.1]
  collapse library dir [/usr/lib/gcc/x86_64-unknown-linux-gnu/4.8.1/../../../../lib] ==> [/usr/lib]
  collapse library dir [/lib/../lib] ==> [/lib]
  collapse library dir [/usr/lib/../lib] ==> [/usr/lib]
  collapse library dir [/usr/lib/gcc/x86_64-unknown-linux-gnu/4.8.1/../../..] ==> [/usr/lib]
  implicit libs: [stdc++;m;c]
  implicit dirs: [/usr/lib/gcc/x86_64-unknown-linux-gnu/4.8.1;/usr/lib;/lib]
  implicit fwks: []


Determining if the Q_WS_X11 exist passed with the following output:
Change Dir: /home/dan/Dev/KDE/kpart-ktp-text-ui/part/build/CMakeFiles/CMakeTmp

Run Build Command:/usr/bin/make "cmTryCompileExec3032924934/fast"
/usr/bin/make -f CMakeFiles/cmTryCompileExec3032924934.dir/build.make CMakeFiles/cmTryCompileExec3032924934.dir/build
make[1]: Entering directory `/home/dan/Dev/KDE/kpart-ktp-text-ui/part/build/CMakeFiles/CMakeTmp'
/usr/bin/cmake -E cmake_progress_report /home/dan/Dev/KDE/kpart-ktp-text-ui/part/build/CMakeFiles/CMakeTmp/CMakeFiles 1
Building C object CMakeFiles/cmTryCompileExec3032924934.dir/CheckSymbolExists.c.o
/usr/bin/cc   -I/usr/include/qt4    -o CMakeFiles/cmTryCompileExec3032924934.dir/CheckSymbolExists.c.o   -c /home/dan/Dev/KDE/kpart-ktp-text-ui/part/build/CMakeFiles/CMakeTmp/CheckSymbolExists.c
Linking C executable cmTryCompileExec3032924934
/usr/bin/cmake -E cmake_link_script CMakeFiles/cmTryCompileExec3032924934.dir/link.txt --verbose=1
/usr/bin/cc         CMakeFiles/cmTryCompileExec3032924934.dir/CheckSymbolExists.c.o  -o cmTryCompileExec3032924934 -rdynamic 
make[1]: Leaving directory `/home/dan/Dev/KDE/kpart-ktp-text-ui/part/build/CMakeFiles/CMakeTmp'

File /home/dan/Dev/KDE/kpart-ktp-text-ui/part/build/CMakeFiles/CMakeTmp/CheckSymbolExists.c:
/* */
#include <QtCore/qglobal.h>

int main(int argc, char** argv)
{
  (void)argv;
#ifndef Q_WS_X11
  return ((int*)(&Q_WS_X11))[argc];
#else
  (void)argc;
  return 0;
#endif
}

Determining if the function XOpenDisplay exists in the /usr/lib64/libX11.so;/usr/lib64/libXext.so;/usr/lib64/libXft.so;/usr/lib64/libXau.so;/usr/lib64/libXdmcp.so;/usr/lib64/libXpm.so passed with the following output:
Change Dir: /home/dan/Dev/KDE/kpart-ktp-text-ui/part/build/CMakeFiles/CMakeTmp

Run Build Command:/usr/bin/make "cmTryCompileExec3984558327/fast"
/usr/bin/make -f CMakeFiles/cmTryCompileExec3984558327.dir/build.make CMakeFiles/cmTryCompileExec3984558327.dir/build
make[1]: Entering directory `/home/dan/Dev/KDE/kpart-ktp-text-ui/part/build/CMakeFiles/CMakeTmp'
/usr/bin/cmake -E cmake_progress_report /home/dan/Dev/KDE/kpart-ktp-text-ui/part/build/CMakeFiles/CMakeTmp/CMakeFiles 1
Building C object CMakeFiles/cmTryCompileExec3984558327.dir/CheckFunctionExists.c.o
/usr/bin/cc   -DCHECK_FUNCTION_EXISTS=XOpenDisplay   -o CMakeFiles/cmTryCompileExec3984558327.dir/CheckFunctionExists.c.o   -c /usr/share/cmake-2.8/Modules/CheckFunctionExists.c
Linking C executable cmTryCompileExec3984558327
/usr/bin/cmake -E cmake_link_script CMakeFiles/cmTryCompileExec3984558327.dir/link.txt --verbose=1
/usr/bin/cc     -DCHECK_FUNCTION_EXISTS=XOpenDisplay    CMakeFiles/cmTryCompileExec3984558327.dir/CheckFunctionExists.c.o  -o cmTryCompileExec3984558327 -rdynamic -lX11 -lXext -lXft -lXau -lXdmcp -lXpm 
make[1]: Leaving directory `/home/dan/Dev/KDE/kpart-ktp-text-ui/part/build/CMakeFiles/CMakeTmp'


Determining if the function gethostbyname exists passed with the following output:
Change Dir: /home/dan/Dev/KDE/kpart-ktp-text-ui/part/build/CMakeFiles/CMakeTmp

Run Build Command:/usr/bin/make "cmTryCompileExec163586882/fast"
/usr/bin/make -f CMakeFiles/cmTryCompileExec163586882.dir/build.make CMakeFiles/cmTryCompileExec163586882.dir/build
make[1]: Entering directory `/home/dan/Dev/KDE/kpart-ktp-text-ui/part/build/CMakeFiles/CMakeTmp'
/usr/bin/cmake -E cmake_progress_report /home/dan/Dev/KDE/kpart-ktp-text-ui/part/build/CMakeFiles/CMakeTmp/CMakeFiles 1
Building C object CMakeFiles/cmTryCompileExec163586882.dir/CheckFunctionExists.c.o
/usr/bin/cc   -DCHECK_FUNCTION_EXISTS=gethostbyname   -o CMakeFiles/cmTryCompileExec163586882.dir/CheckFunctionExists.c.o   -c /usr/share/cmake-2.8/Modules/CheckFunctionExists.c
Linking C executable cmTryCompileExec163586882
/usr/bin/cmake -E cmake_link_script CMakeFiles/cmTryCompileExec163586882.dir/link.txt --verbose=1
/usr/bin/cc     -DCHECK_FUNCTION_EXISTS=gethostbyname    CMakeFiles/cmTryCompileExec163586882.dir/CheckFunctionExists.c.o  -o cmTryCompileExec163586882 -rdynamic 
make[1]: Leaving directory `/home/dan/Dev/KDE/kpart-ktp-text-ui/part/build/CMakeFiles/CMakeTmp'


Determining if the function connect exists passed with the following output:
Change Dir: /home/dan/Dev/KDE/kpart-ktp-text-ui/part/build/CMakeFiles/CMakeTmp

Run Build Command:/usr/bin/make "cmTryCompileExec8619639/fast"
/usr/bin/make -f CMakeFiles/cmTryCompileExec8619639.dir/build.make CMakeFiles/cmTryCompileExec8619639.dir/build
make[1]: Entering directory `/home/dan/Dev/KDE/kpart-ktp-text-ui/part/build/CMakeFiles/CMakeTmp'
/usr/bin/cmake -E cmake_progress_report /home/dan/Dev/KDE/kpart-ktp-text-ui/part/build/CMakeFiles/CMakeTmp/CMakeFiles 1
Building C object CMakeFiles/cmTryCompileExec8619639.dir/CheckFunctionExists.c.o
/usr/bin/cc   -DCHECK_FUNCTION_EXISTS=connect   -o CMakeFiles/cmTryCompileExec8619639.dir/CheckFunctionExists.c.o   -c /usr/share/cmake-2.8/Modules/CheckFunctionExists.c
Linking C executable cmTryCompileExec8619639
/usr/bin/cmake -E cmake_link_script CMakeFiles/cmTryCompileExec8619639.dir/link.txt --verbose=1
/usr/bin/cc     -DCHECK_FUNCTION_EXISTS=connect    CMakeFiles/cmTryCompileExec8619639.dir/CheckFunctionExists.c.o  -o cmTryCompileExec8619639 -rdynamic 
make[1]: Leaving directory `/home/dan/Dev/KDE/kpart-ktp-text-ui/part/build/CMakeFiles/CMakeTmp'


Determining if the function remove exists passed with the following output:
Change Dir: /home/dan/Dev/KDE/kpart-ktp-text-ui/part/build/CMakeFiles/CMakeTmp

Run Build Command:/usr/bin/make "cmTryCompileExec3964998354/fast"
/usr/bin/make -f CMakeFiles/cmTryCompileExec3964998354.dir/build.make CMakeFiles/cmTryCompileExec3964998354.dir/build
make[1]: Entering directory `/home/dan/Dev/KDE/kpart-ktp-text-ui/part/build/CMakeFiles/CMakeTmp'
/usr/bin/cmake -E cmake_progress_report /home/dan/Dev/KDE/kpart-ktp-text-ui/part/build/CMakeFiles/CMakeTmp/CMakeFiles 1
Building C object CMakeFiles/cmTryCompileExec3964998354.dir/CheckFunctionExists.c.o
/usr/bin/cc   -DCHECK_FUNCTION_EXISTS=remove   -o CMakeFiles/cmTryCompileExec3964998354.dir/CheckFunctionExists.c.o   -c /usr/share/cmake-2.8/Modules/CheckFunctionExists.c
Linking C executable cmTryCompileExec3964998354
/usr/bin/cmake -E cmake_link_script CMakeFiles/cmTryCompileExec3964998354.dir/link.txt --verbose=1
/usr/bin/cc     -DCHECK_FUNCTION_EXISTS=remove    CMakeFiles/cmTryCompileExec3964998354.dir/CheckFunctionExists.c.o  -o cmTryCompileExec3964998354 -rdynamic 
make[1]: Leaving directory `/home/dan/Dev/KDE/kpart-ktp-text-ui/part/build/CMakeFiles/CMakeTmp'


Determining if the function shmat exists passed with the following output:
Change Dir: /home/dan/Dev/KDE/kpart-ktp-text-ui/part/build/CMakeFiles/CMakeTmp

Run Build Command:/usr/bin/make "cmTryCompileExec2294357457/fast"
/usr/bin/make -f CMakeFiles/cmTryCompileExec2294357457.dir/build.make CMakeFiles/cmTryCompileExec2294357457.dir/build
make[1]: Entering directory `/home/dan/Dev/KDE/kpart-ktp-text-ui/part/build/CMakeFiles/CMakeTmp'
/usr/bin/cmake -E cmake_progress_report /home/dan/Dev/KDE/kpart-ktp-text-ui/part/build/CMakeFiles/CMakeTmp/CMakeFiles 1
Building C object CMakeFiles/cmTryCompileExec2294357457.dir/CheckFunctionExists.c.o
/usr/bin/cc   -DCHECK_FUNCTION_EXISTS=shmat   -o CMakeFiles/cmTryCompileExec2294357457.dir/CheckFunctionExists.c.o   -c /usr/share/cmake-2.8/Modules/CheckFunctionExists.c
Linking C executable cmTryCompileExec2294357457
/usr/bin/cmake -E cmake_link_script CMakeFiles/cmTryCompileExec2294357457.dir/link.txt --verbose=1
/usr/bin/cc     -DCHECK_FUNCTION_EXISTS=shmat    CMakeFiles/cmTryCompileExec2294357457.dir/CheckFunctionExists.c.o  -o cmTryCompileExec2294357457 -rdynamic 
make[1]: Leaving directory `/home/dan/Dev/KDE/kpart-ktp-text-ui/part/build/CMakeFiles/CMakeTmp'


Determining if the function IceConnectionNumber exists in the ICE passed with the following output:
Change Dir: /home/dan/Dev/KDE/kpart-ktp-text-ui/part/build/CMakeFiles/CMakeTmp

Run Build Command:/usr/bin/make "cmTryCompileExec1132008251/fast"
/usr/bin/make -f CMakeFiles/cmTryCompileExec1132008251.dir/build.make CMakeFiles/cmTryCompileExec1132008251.dir/build
make[1]: Entering directory `/home/dan/Dev/KDE/kpart-ktp-text-ui/part/build/CMakeFiles/CMakeTmp'
/usr/bin/cmake -E cmake_progress_report /home/dan/Dev/KDE/kpart-ktp-text-ui/part/build/CMakeFiles/CMakeTmp/CMakeFiles 1
Building C object CMakeFiles/cmTryCompileExec1132008251.dir/CheckFunctionExists.c.o
/usr/bin/cc   -DCHECK_FUNCTION_EXISTS=IceConnectionNumber   -o CMakeFiles/cmTryCompileExec1132008251.dir/CheckFunctionExists.c.o   -c /usr/share/cmake-2.8/Modules/CheckFunctionExists.c
Linking C executable cmTryCompileExec1132008251
/usr/bin/cmake -E cmake_link_script CMakeFiles/cmTryCompileExec1132008251.dir/link.txt --verbose=1
/usr/bin/cc     -DCHECK_FUNCTION_EXISTS=IceConnectionNumber    CMakeFiles/cmTryCompileExec1132008251.dir/CheckFunctionExists.c.o  -o cmTryCompileExec1132008251 -rdynamic -lICE 
make[1]: Leaving directory `/home/dan/Dev/KDE/kpart-ktp-text-ui/part/build/CMakeFiles/CMakeTmp'


Determining if files pthread.h exist passed with the following output:
Change Dir: /home/dan/Dev/KDE/kpart-ktp-text-ui/part/build/CMakeFiles/CMakeTmp

Run Build Command:/usr/bin/make "cmTryCompileExec2472226458/fast"
/usr/bin/make -f CMakeFiles/cmTryCompileExec2472226458.dir/build.make CMakeFiles/cmTryCompileExec2472226458.dir/build
make[1]: Entering directory `/home/dan/Dev/KDE/kpart-ktp-text-ui/part/build/CMakeFiles/CMakeTmp'
/usr/bin/cmake -E cmake_progress_report /home/dan/Dev/KDE/kpart-ktp-text-ui/part/build/CMakeFiles/CMakeTmp/CMakeFiles 1
Building C object CMakeFiles/cmTryCompileExec2472226458.dir/CheckIncludeFiles.c.o
/usr/bin/cc    -o CMakeFiles/cmTryCompileExec2472226458.dir/CheckIncludeFiles.c.o   -c /home/dan/Dev/KDE/kpart-ktp-text-ui/part/build/CMakeFiles/CMakeTmp/CheckIncludeFiles.c
Linking C executable cmTryCompileExec2472226458
/usr/bin/cmake -E cmake_link_script CMakeFiles/cmTryCompileExec2472226458.dir/link.txt --verbose=1
/usr/bin/cc         CMakeFiles/cmTryCompileExec2472226458.dir/CheckIncludeFiles.c.o  -o cmTryCompileExec2472226458 -rdynamic 
make[1]: Leaving directory `/home/dan/Dev/KDE/kpart-ktp-text-ui/part/build/CMakeFiles/CMakeTmp'


Determining if the function pthread_create exists in the pthread passed with the following output:
Change Dir: /home/dan/Dev/KDE/kpart-ktp-text-ui/part/build/CMakeFiles/CMakeTmp

Run Build Command:/usr/bin/make "cmTryCompileExec2843783334/fast"
/usr/bin/make -f CMakeFiles/cmTryCompileExec2843783334.dir/build.make CMakeFiles/cmTryCompileExec2843783334.dir/build
make[1]: Entering directory `/home/dan/Dev/KDE/kpart-ktp-text-ui/part/build/CMakeFiles/CMakeTmp'
/usr/bin/cmake -E cmake_progress_report /home/dan/Dev/KDE/kpart-ktp-text-ui/part/build/CMakeFiles/CMakeTmp/CMakeFiles 1
Building C object CMakeFiles/cmTryCompileExec2843783334.dir/CheckFunctionExists.c.o
/usr/bin/cc   -DCHECK_FUNCTION_EXISTS=pthread_create   -o CMakeFiles/cmTryCompileExec2843783334.dir/CheckFunctionExists.c.o   -c /usr/share/cmake-2.8/Modules/CheckFunctionExists.c
Linking C executable cmTryCompileExec2843783334
/usr/bin/cmake -E cmake_link_script CMakeFiles/cmTryCompileExec2843783334.dir/link.txt --verbose=1
/usr/bin/cc     -DCHECK_FUNCTION_EXISTS=pthread_create    CMakeFiles/cmTryCompileExec2843783334.dir/CheckFunctionExists.c.o  -o cmTryCompileExec2843783334 -rdynamic -lpthread 
make[1]: Leaving directory `/home/dan/Dev/KDE/kpart-ktp-text-ui/part/build/CMakeFiles/CMakeTmp'


Determining if the _POSIX_TIMERS exist passed with the following output:
Change Dir: /home/dan/Dev/KDE/kpart-ktp-text-ui/part/build/CMakeFiles/CMakeTmp

Run Build Command:/usr/bin/make "cmTryCompileExec4093554322/fast"
/usr/bin/make -f CMakeFiles/cmTryCompileExec4093554322.dir/build.make CMakeFiles/cmTryCompileExec4093554322.dir/build
make[1]: Entering directory `/home/dan/Dev/KDE/kpart-ktp-text-ui/part/build/CMakeFiles/CMakeTmp'
/usr/bin/cmake -E cmake_progress_report /home/dan/Dev/KDE/kpart-ktp-text-ui/part/build/CMakeFiles/CMakeTmp/CMakeFiles 1
Building C object CMakeFiles/cmTryCompileExec4093554322.dir/CheckSymbolExists.c.o
/usr/bin/cc    -o CMakeFiles/cmTryCompileExec4093554322.dir/CheckSymbolExists.c.o   -c /home/dan/Dev/KDE/kpart-ktp-text-ui/part/build/CMakeFiles/CMakeTmp/CheckSymbolExists.c
Linking C executable cmTryCompileExec4093554322
/usr/bin/cmake -E cmake_link_script CMakeFiles/cmTryCompileExec4093554322.dir/link.txt --verbose=1
/usr/bin/cc         CMakeFiles/cmTryCompileExec4093554322.dir/CheckSymbolExists.c.o  -o cmTryCompileExec4093554322 -rdynamic -lrt 
make[1]: Leaving directory `/home/dan/Dev/KDE/kpart-ktp-text-ui/part/build/CMakeFiles/CMakeTmp'

File /home/dan/Dev/KDE/kpart-ktp-text-ui/part/build/CMakeFiles/CMakeTmp/CheckSymbolExists.c:
/* */
#include <unistd.h>
#include <time.h>

int main(int argc, char** argv)
{
  (void)argv;
#ifndef _POSIX_TIMERS
  return ((int*)(&_POSIX_TIMERS))[argc];
#else
  (void)argc;
  return 0;
#endif
}

Performing C++ SOURCE FILE Test _OFFT_IS_64BIT succeded with the following output:
Change Dir: /home/dan/Dev/KDE/kpart-ktp-text-ui/part/build/CMakeFiles/CMakeTmp

Run Build Command:/usr/bin/make "cmTryCompileExec430807363/fast"
/usr/bin/make -f CMakeFiles/cmTryCompileExec430807363.dir/build.make CMakeFiles/cmTryCompileExec430807363.dir/build
make[1]: Entering directory `/home/dan/Dev/KDE/kpart-ktp-text-ui/part/build/CMakeFiles/CMakeTmp'
/usr/bin/cmake -E cmake_progress_report /home/dan/Dev/KDE/kpart-ktp-text-ui/part/build/CMakeFiles/CMakeTmp/CMakeFiles 1
Building CXX object CMakeFiles/cmTryCompileExec430807363.dir/src.cxx.o
/usr/bin/c++    -D_OFFT_IS_64BIT   -o CMakeFiles/cmTryCompileExec430807363.dir/src.cxx.o -c /home/dan/Dev/KDE/kpart-ktp-text-ui/part/build/CMakeFiles/CMakeTmp/src.cxx
Linking CXX executable cmTryCompileExec430807363
/usr/bin/cmake -E cmake_link_script CMakeFiles/cmTryCompileExec430807363.dir/link.txt --verbose=1
/usr/bin/c++      -D_OFFT_IS_64BIT    CMakeFiles/cmTryCompileExec430807363.dir/src.cxx.o  -o cmTryCompileExec430807363 -rdynamic 
make[1]: Leaving directory `/home/dan/Dev/KDE/kpart-ktp-text-ui/part/build/CMakeFiles/CMakeTmp'

Source file was:

#include <sys/types.h>
 /* Check that off_t can represent 2**63 - 1 correctly.
    We can't simply define LARGE_OFF_T to be 9223372036854775807,
    since some C++ compilers masquerading as C compilers
    incorrectly reject 9223372036854775807.  */
#define LARGE_OFF_T (((off_t) 1 << 62) - 1 + ((off_t) 1 << 62))

  int off_t_is_large[(LARGE_OFF_T % 2147483629 == 721 && LARGE_OFF_T % 2147483647 == 1) ? 1 : -1];
  int main() { return 0; }

Performing C++ SOURCE FILE Test HAVE_FPIE_SUPPORT succeded with the following output:
Change Dir: /home/dan/Dev/KDE/kpart-ktp-text-ui/part/build/CMakeFiles/CMakeTmp

Run Build Command:/usr/bin/make "cmTryCompileExec2261694868/fast"
/usr/bin/make -f CMakeFiles/cmTryCompileExec2261694868.dir/build.make CMakeFiles/cmTryCompileExec2261694868.dir/build
make[1]: Entering directory `/home/dan/Dev/KDE/kpart-ktp-text-ui/part/build/CMakeFiles/CMakeTmp'
/usr/bin/cmake -E cmake_progress_report /home/dan/Dev/KDE/kpart-ktp-text-ui/part/build/CMakeFiles/CMakeTmp/CMakeFiles 1
Building CXX object CMakeFiles/cmTryCompileExec2261694868.dir/src.cxx.o
/usr/bin/c++    -Wnon-virtual-dtor -Wno-long-long -Wundef -Wcast-align -Wchar-subscripts -Wall -W -Wpointer-arith -Wformat-security -fno-exceptions -DQT_NO_EXCEPTIONS -fno-check-new -fno-common  -DHAVE_FPIE_SUPPORT   -fPIE -o CMakeFiles/cmTryCompileExec2261694868.dir/src.cxx.o -c /home/dan/Dev/KDE/kpart-ktp-text-ui/part/build/CMakeFiles/CMakeTmp/src.cxx
Linking CXX executable cmTryCompileExec2261694868
/usr/bin/cmake -E cmake_link_script CMakeFiles/cmTryCompileExec2261694868.dir/link.txt --verbose=1
/usr/bin/c++     -Wnon-virtual-dtor -Wno-long-long -Wundef -Wcast-align -Wchar-subscripts -Wall -W -Wpointer-arith -Wformat-security -fno-exceptions -DQT_NO_EXCEPTIONS -fno-check-new -fno-common  -DHAVE_FPIE_SUPPORT    CMakeFiles/cmTryCompileExec2261694868.dir/src.cxx.o  -o cmTryCompileExec2261694868 -rdynamic 
make[1]: Leaving directory `/home/dan/Dev/KDE/kpart-ktp-text-ui/part/build/CMakeFiles/CMakeTmp'

Source file was:
int main() { return 0;}
Performing C++ SOURCE FILE Test __KDE_HAVE_W_OVERLOADED_VIRTUAL succeded with the following output:
Change Dir: /home/dan/Dev/KDE/kpart-ktp-text-ui/part/build/CMakeFiles/CMakeTmp

Run Build Command:/usr/bin/make "cmTryCompileExec3778664847/fast"
/usr/bin/make -f CMakeFiles/cmTryCompileExec3778664847.dir/build.make CMakeFiles/cmTryCompileExec3778664847.dir/build
make[1]: Entering directory `/home/dan/Dev/KDE/kpart-ktp-text-ui/part/build/CMakeFiles/CMakeTmp'
/usr/bin/cmake -E cmake_progress_report /home/dan/Dev/KDE/kpart-ktp-text-ui/part/build/CMakeFiles/CMakeTmp/CMakeFiles 1
Building CXX object CMakeFiles/cmTryCompileExec3778664847.dir/src.cxx.o
/usr/bin/c++    -Wnon-virtual-dtor -Wno-long-long -Wundef -Wcast-align -Wchar-subscripts -Wall -W -Wpointer-arith -Wformat-security -fno-exceptions -DQT_NO_EXCEPTIONS -fno-check-new -fno-common  -D__KDE_HAVE_W_OVERLOADED_VIRTUAL   -Woverloaded-virtual -o CMakeFiles/cmTryCompileExec3778664847.dir/src.cxx.o -c /home/dan/Dev/KDE/kpart-ktp-text-ui/part/build/CMakeFiles/CMakeTmp/src.cxx
Linking CXX executable cmTryCompileExec3778664847
/usr/bin/cmake -E cmake_link_script CMakeFiles/cmTryCompileExec3778664847.dir/link.txt --verbose=1
/usr/bin/c++     -Wnon-virtual-dtor -Wno-long-long -Wundef -Wcast-align -Wchar-subscripts -Wall -W -Wpointer-arith -Wformat-security -fno-exceptions -DQT_NO_EXCEPTIONS -fno-check-new -fno-common  -D__KDE_HAVE_W_OVERLOADED_VIRTUAL    CMakeFiles/cmTryCompileExec3778664847.dir/src.cxx.o  -o cmTryCompileExec3778664847 -rdynamic 
make[1]: Leaving directory `/home/dan/Dev/KDE/kpart-ktp-text-ui/part/build/CMakeFiles/CMakeTmp'

Source file was:
int main() { return 0;}
Performing C++ SOURCE FILE Test __KDE_HAVE_GCC_VISIBILITY succeded with the following output:
Change Dir: /home/dan/Dev/KDE/kpart-ktp-text-ui/part/build/CMakeFiles/CMakeTmp

Run Build Command:/usr/bin/make "cmTryCompileExec2671404345/fast"
/usr/bin/make -f CMakeFiles/cmTryCompileExec2671404345.dir/build.make CMakeFiles/cmTryCompileExec2671404345.dir/build
make[1]: Entering directory `/home/dan/Dev/KDE/kpart-ktp-text-ui/part/build/CMakeFiles/CMakeTmp'
/usr/bin/cmake -E cmake_progress_report /home/dan/Dev/KDE/kpart-ktp-text-ui/part/build/CMakeFiles/CMakeTmp/CMakeFiles 1
Building CXX object CMakeFiles/cmTryCompileExec2671404345.dir/src.cxx.o
/usr/bin/c++    -Wnon-virtual-dtor -Wno-long-long -Wundef -Wcast-align -Wchar-subscripts -Wall -W -Wpointer-arith -Wformat-security -fno-exceptions -DQT_NO_EXCEPTIONS -fno-check-new -fno-common -Woverloaded-virtual  -D__KDE_HAVE_GCC_VISIBILITY   -fvisibility=hidden -o CMakeFiles/cmTryCompileExec2671404345.dir/src.cxx.o -c /home/dan/Dev/KDE/kpart-ktp-text-ui/part/build/CMakeFiles/CMakeTmp/src.cxx
Linking CXX executable cmTryCompileExec2671404345
/usr/bin/cmake -E cmake_link_script CMakeFiles/cmTryCompileExec2671404345.dir/link.txt --verbose=1
/usr/bin/c++     -Wnon-virtual-dtor -Wno-long-long -Wundef -Wcast-align -Wchar-subscripts -Wall -W -Wpointer-arith -Wformat-security -fno-exceptions -DQT_NO_EXCEPTIONS -fno-check-new -fno-common -Woverloaded-virtual  -D__KDE_HAVE_GCC_VISIBILITY    CMakeFiles/cmTryCompileExec2671404345.dir/src.cxx.o  -o cmTryCompileExec2671404345 -rdynamic 
make[1]: Leaving directory `/home/dan/Dev/KDE/kpart-ktp-text-ui/part/build/CMakeFiles/CMakeTmp'

Source file was:
int main() { return 0;}
